c:\users\yanni\documents\github\esoprog\bin\optickcore\windows-x86_64\debug\intermediates\vc143.pdb
c:\users\yanni\documents\github\esoprog\bin\optickcore\windows-x86_64\debug\intermediates\vc143.idb
c:\users\yanni\documents\github\esoprog\bin\optickcore\windows-x86_64\debug\intermediates\optick_server.obj
c:\users\yanni\documents\github\esoprog\bin\optickcore\windows-x86_64\debug\intermediates\optick_serialization.obj
c:\users\yanni\documents\github\esoprog\bin\optickcore\windows-x86_64\debug\intermediates\optick_miniz.obj
c:\users\yanni\documents\github\esoprog\bin\optickcore\windows-x86_64\debug\intermediates\optick_message.obj
c:\users\yanni\documents\github\esoprog\bin\optickcore\windows-x86_64\debug\intermediates\optick_gpu.vulkan.obj
c:\users\yanni\documents\github\esoprog\bin\optickcore\windows-x86_64\debug\intermediates\optick_gpu.d3d12.obj
c:\users\yanni\documents\github\esoprog\bin\optickcore\windows-x86_64\debug\intermediates\optick_gpu.obj
c:\users\yanni\documents\github\esoprog\bin\optickcore\windows-x86_64\debug\intermediates\optick_core.obj
c:\users\yanni\documents\github\esoprog\bin\optickcore\windows-x86_64\debug\intermediates\optick_capi.obj
c:\users\yanni\documents\github\esoprog\bin\optickcore\windows-x86_64\debug\optickcore.dll
c:\users\yanni\documents\github\esoprog\bin\optickcore\windows-x86_64\debug\optickcore.pdb
c:\users\yanni\documents\github\esoprog\bin\optickcore\windows-x86_64\debug\optickcore.lib
c:\users\yanni\documents\github\esoprog\bin\optickcore\windows-x86_64\debug\optickcore.exp
c:\users\yanni\documents\github\esoprog\bin\optickcore\windows-x86_64\debug\intermediates\optickcore.ilk
c:\users\yanni\documents\github\esoprog\bin\optickcore\windows-x86_64\debug\intermediates\optickcore.tlog\cl.command.1.tlog
c:\users\yanni\documents\github\esoprog\bin\optickcore\windows-x86_64\debug\intermediates\optickcore.tlog\cl.items.tlog
c:\users\yanni\documents\github\esoprog\bin\optickcore\windows-x86_64\debug\intermediates\optickcore.tlog\cl.read.1.tlog
c:\users\yanni\documents\github\esoprog\bin\optickcore\windows-x86_64\debug\intermediates\optickcore.tlog\cl.write.1.tlog
c:\users\yanni\documents\github\esoprog\bin\optickcore\windows-x86_64\debug\intermediates\optickcore.tlog\link.command.1.tlog
c:\users\yanni\documents\github\esoprog\bin\optickcore\windows-x86_64\debug\intermediates\optickcore.tlog\link.read.1.tlog
c:\users\yanni\documents\github\esoprog\bin\optickcore\windows-x86_64\debug\intermediates\optickcore.tlog\link.secondary.1.tlog
c:\users\yanni\documents\github\esoprog\bin\optickcore\windows-x86_64\debug\intermediates\optickcore.tlog\link.write.1.tlog
